<?xml version="1.0" encoding="UTF-8"?>
<!-- Generated by org.testng.reporters.JUnitReportReporter -->
<testsuite skipped="0" hostname="DESKTOP-PBB6CIR" name="testCases.TestCase_002" tests="1" failures="0" timestamp="2021-03-10T23:57:27 IST" time="4.911" errors="0">
  <testcase name="testSearchProduct" time="4.911" classname="testCases.TestCase_002"/>
  <system-out>
    <![CDATA[About to begin executing TestCase_002.testSearchProduct
Completed executing TestCase_002.testSearchProduct
TestName = null
Test Method resides in testCases.TestCase_002
Test Status: Pass]]>
  </system-out>
</testsuite> <!-- testCases.TestCase_002 -->
