<?xml version="1.0" encoding="UTF-8"?>
<!-- Generated by org.testng.reporters.JUnitReportReporter -->
<testsuite skipped="0" hostname="DESKTOP-PBB6CIR" name="testCases.TestCase_001" tests="1" failures="0" timestamp="2021-03-10T23:57:27 IST" time="18.163" errors="0">
  <testcase name="testSearchProduct" time="18.163" classname="testCases.TestCase_001"/>
  <system-out>
    <![CDATA[About to begin executing TestCase_001.testSearchProduct
Completed executing TestCase_001.testSearchProduct
TestName = null
Test Method resides in testCases.TestCase_001
Test Status: Pass]]>
  </system-out>
</testsuite> <!-- testCases.TestCase_001 -->
